<?xml version="1.0" encoding="UTF-8"?>
<coverage generated="1603686250108" clover="3.2.0">
  <project timestamp="1603686250108" name="All files">
    <metrics statements="22" coveredstatements="8" conditionals="2" coveredconditionals="0" methods="4" coveredmethods="1" elements="28" coveredelements="9" complexity="0" loc="22" ncloc="22" packages="1" files="2" classes="2"/>
    <file name="formHandler.js" path="/Users/tommydates/Desktop/NanoDegree/proj4/src/client/js/formHandler.js">
      <metrics statements="19" coveredstatements="5" conditionals="2" coveredconditionals="0" methods="3" coveredmethods="0"/>
      <line num="1" count="1" type="stmt"/>
      <line num="6" count="1" type="stmt"/>
      <line num="7" count="1" type="stmt"/>
      <line num="8" count="1" type="stmt"/>
      <line num="9" count="1" type="stmt"/>
      <line num="12" count="0" type="stmt"/>
      <line num="14" count="0" type="stmt"/>
      <line num="15" count="0" type="stmt"/>
      <line num="18" count="0" type="cond" truecount="0" falsecount="2"/>
      <line num="19" count="0" type="stmt"/>
      <line num="21" count="0" type="stmt"/>
      <line num="30" count="0" type="stmt"/>
      <line num="32" count="0" type="stmt"/>
      <line num="33" count="0" type="stmt"/>
      <line num="35" count="0" type="stmt"/>
      <line num="36" count="0" type="stmt"/>
      <line num="37" count="0" type="stmt"/>
      <line num="38" count="0" type="stmt"/>
      <line num="41" count="0" type="stmt"/>
    </file>
    <file name="urlChecker.js" path="/Users/tommydates/Desktop/NanoDegree/proj4/src/client/js/urlChecker.js">
      <metrics statements="3" coveredstatements="3" conditionals="0" coveredconditionals="0" methods="1" coveredmethods="1"/>
      <line num="2" count="5" type="stmt"/>
      <line num="4" count="5" type="stmt"/>
      <line num="6" count="5" type="stmt"/>
    </file>
  </project>
</coverage>
