{"/Users/tommydates/Desktop/NanoDegree/proj4/src/client/js/formHandler.js": {"path":"/Users/tommydates/Desktop/NanoDegree/proj4/src/client/js/formHandler.js","statementMap":{"0":{"start":{"line":1,"column":18},"end":{"line":1,"column":39}},"1":{"start":{"line":6,"column":12},"end":{"line":6,"column":44}},"2":{"start":{"line":7,"column":19},"end":{"line":7,"column":58}},"3":{"start":{"line":8,"column":17},"end":{"line":8,"column":54}},"4":{"start":{"line":9,"column":12},"end":{"line":9,"column":44}},"5":{"start":{"line":12,"column":2},"end":{"line":12,"column":23}},"6":{"start":{"line":14,"column":16},"end":{"line":14,"column":52}},"7":{"start":{"line":15,"column":2},"end":{"line":15,"column":27}},"8":{"start":{"line":18,"column":2},"end":{"line":42,"column":3}},"9":{"start":{"line":19,"column":4},"end":{"line":19,"column":29}},"10":{"start":{"line":21,"column":4},"end":{"line":39,"column":9}},"11":{"start":{"line":30,"column":21},"end":{"line":30,"column":31}},"12":{"start":{"line":32,"column":8},"end":{"line":32,"column":51}},"13":{"start":{"line":33,"column":8},"end":{"line":34,"column":20}},"14":{"start":{"line":35,"column":8},"end":{"line":35,"column":41}},"15":{"start":{"line":36,"column":8},"end":{"line":36,"column":51}},"16":{"start":{"line":37,"column":8},"end":{"line":37,"column":47}},"17":{"start":{"line":38,"column":8},"end":{"line":38,"column":37}},"18":{"start":{"line":41,"column":4},"end":{"line":41,"column":31}}},"fnMap":{"0":{"name":"handleSubmit","decl":{"start":{"line":11,"column":16},"end":{"line":11,"column":28}},"loc":{"start":{"line":11,"column":34},"end":{"line":43,"column":1}},"line":11},"1":{"name":"(anonymous_1)","decl":{"start":{"line":30,"column":12},"end":{"line":30,"column":13}},"loc":{"start":{"line":30,"column":21},"end":{"line":30,"column":31}},"line":30},"2":{"name":"(anonymous_2)","decl":{"start":{"line":31,"column":12},"end":{"line":31,"column":13}},"loc":{"start":{"line":31,"column":22},"end":{"line":39,"column":7}},"line":31}},"branchMap":{"0":{"loc":{"start":{"line":18,"column":2},"end":{"line":42,"column":3}},"type":"if","locations":[{"start":{"line":18,"column":2},"end":{"line":42,"column":3}},{"start":{"line":18,"column":2},"end":{"line":42,"column":3}}],"line":18}},"s":{"0":1,"1":1,"2":1,"3":1,"4":1,"5":0,"6":0,"7":0,"8":0,"9":0,"10":0,"11":0,"12":0,"13":0,"14":0,"15":0,"16":0,"17":0,"18":0},"f":{"0":0,"1":0,"2":0},"b":{"0":[0,0]},"_coverageSchema":"43e27e138ebf9cfc5966b082cf9a028302ed4184","hash":"f3743a4c958c033e815e441146627b6ddc82378f"}
,"/Users/tommydates/Desktop/NanoDegree/proj4/src/client/js/urlChecker.js": {"path":"/Users/tommydates/Desktop/NanoDegree/proj4/src/client/js/urlChecker.js","statementMap":{"0":{"start":{"line":2,"column":2},"end":{"line":2,"column":43}},"1":{"start":{"line":4,"column":18},"end":{"line":4,"column":100}},"2":{"start":{"line":6,"column":2},"end":{"line":6,"column":29}}},"fnMap":{"0":{"name":"checkTheUrl","decl":{"start":{"line":1,"column":16},"end":{"line":1,"column":27}},"loc":{"start":{"line":1,"column":35},"end":{"line":7,"column":1}},"line":1}},"branchMap":{},"s":{"0":5,"1":5,"2":5},"f":{"0":5},"b":{},"_coverageSchema":"43e27e138ebf9cfc5966b082cf9a028302ed4184","hash":"636a4610948226af88c5b70d8e890a00661ce527"}
}
